c:\users\h021185l\documents\github\foggs-s-2\hellogl\hellogl\debug\vc143.pdb
c:\users\h021185l\documents\github\foggs-s-2\hellogl\hellogl\debug\vc143.idb
c:\users\h021185l\documents\github\foggs-s-2\hellogl\hellogl\debug\sceneobject.obj
c:\users\h021185l\documents\github\foggs-s-2\hellogl\hellogl\debug\pyramid.obj
c:\users\h021185l\documents\github\foggs-s-2\hellogl\hellogl\debug\meshloader.obj
c:\users\h021185l\documents\github\foggs-s-2\hellogl\hellogl\debug\main.obj
c:\users\h021185l\documents\github\foggs-s-2\hellogl\hellogl\debug\hellogl.obj
c:\users\h021185l\documents\github\foggs-s-2\hellogl\hellogl\debug\glutcallbacks.obj
c:\users\h021185l\documents\github\foggs-s-2\hellogl\hellogl\debug\cube.obj
c:\users\h021185l\documents\github\foggs-s-2\hellogl\debug\hellogl.pdb
c:\users\h021185l\documents\github\foggs-s-2\hellogl\hellogl\debug\hellogl.tlog\cl.command.1.tlog
c:\users\h021185l\documents\github\foggs-s-2\hellogl\hellogl\debug\hellogl.tlog\cl.read.1.tlog
c:\users\h021185l\documents\github\foggs-s-2\hellogl\hellogl\debug\hellogl.tlog\cl.write.1.tlog
c:\users\h021185l\documents\github\foggs-s-2\hellogl\hellogl\debug\hellogl.tlog\link-cvtres.read.1.tlog
c:\users\h021185l\documents\github\foggs-s-2\hellogl\hellogl\debug\hellogl.tlog\link-cvtres.write.1.tlog
c:\users\h021185l\documents\github\foggs-s-2\hellogl\hellogl\debug\hellogl.tlog\link-rc.read.1.tlog
c:\users\h021185l\documents\github\foggs-s-2\hellogl\hellogl\debug\hellogl.tlog\link-rc.write.1.tlog
c:\users\h021185l\documents\github\foggs-s-2\hellogl\hellogl\debug\hellogl.tlog\link.command.1.tlog
c:\users\h021185l\documents\github\foggs-s-2\hellogl\hellogl\debug\hellogl.tlog\link.read.1.tlog
c:\users\h021185l\documents\github\foggs-s-2\hellogl\hellogl\debug\hellogl.tlog\link.write.1.tlog
